# JRE version: OpenJDK Runtime Environment Temurin-11.0.12+7 (11.0.12+7) (build 11.0.12+7)
# Java VM: OpenJDK 64-Bit Server VM Temurin-11.0.12+7 (11.0.12+7, mixed mode, tiered, compressed oops, g1 gc, windows-amd64)
Heap:
 garbage-first heap   total 262144K, used 81795K [0x00000000e0000000, 0x0000000100000000)
  region size 1024K, 62 young (63488K), 6 survivors (6144K)
 Metaspace       used 39768K, capacity 40697K, committed 40908K, reserved 294912K
  class space    used 5049K, capacity 5359K, committed 5376K, reserved 253952K
GC Heap History (10 events):
Event: 2.617 GC heap before
{Heap before GC invocations=0 (full 0):
 garbage-first heap   total 262144K, used 16384K [0x00000000e0000000, 0x0000000100000000)
  region size 1024K, 14 young (14336K), 0 survivors (0K)
 Metaspace       used 6778K, capacity 6985K, committed 7168K, reserved 262144K
  class space    used 589K, capacity 650K, committed 768K, reserved 253952K
}
Event: 2.656 GC heap after
{Heap after GC invocations=1 (full 0):
 garbage-first heap   total 262144K, used 3360K [0x00000000e0000000, 0x0000000100000000)
  region size 1024K, 2 young (2048K), 2 survivors (2048K)
 Metaspace       used 6778K, capacity 6985K, committed 7168K, reserved 262144K
  class space    used 589K, capacity 650K, committed 768K, reserved 253952K
}
Event: 13.231 GC heap before
{Heap before GC invocations=1 (full 0):
 garbage-first heap   total 262144K, used 130336K [0x00000000e0000000, 0x0000000100000000)
  region size 1024K, 124 young (126976K), 2 survivors (2048K)
 Metaspace       used 20549K, capacity 21081K, committed 21248K, reserved 272384K
  class space    used 2508K, capacity 2700K, committed 2816K, reserved 253952K
}
Event: 13.255 GC heap after
{Heap after GC invocations=2 (full 0):
 garbage-first heap   total 262144K, used 17321K [0x00000000e0000000, 0x0000000100000000)
  region size 1024K, 13 young (13312K), 13 survivors (13312K)
 Metaspace       used 20549K, capacity 21081K, committed 21248K, reserved 272384K
  class space    used 2508K, capacity 2700K, committed 2816K, reserved 253952K
}
Event: 15.259 GC heap before
{Heap before GC invocations=3 (full 0):
 garbage-first heap   total 262144K, used 56233K [0x00000000e0000000, 0x0000000100000000)
  region size 1024K, 51 young (52224K), 13 survivors (13312K)
 Metaspace       used 24177K, capacity 24786K, committed 24832K, reserved 276480K
  class space    used 3089K, capacity 3298K, committed 3328K, reserved 253952K
}
Event: 15.283 GC heap after
{Heap after GC invocations=4 (full 0):
 garbage-first heap   total 262144K, used 18268K [0x00000000e0000000, 0x0000000100000000)
  region size 1024K, 2 young (2048K), 2 survivors (2048K)
 Metaspace       used 24177K, capacity 24786K, committed 24832K, reserved 276480K
  class space    used 3089K, capacity 3298K, committed 3328K, reserved 253952K
}
Event: 19.020 GC heap before
{Heap before GC invocations=4 (full 0):
 garbage-first heap   total 262144K, used 86876K [0x00000000e0000000, 0x0000000100000000)
  region size 1024K, 69 young (70656K), 2 survivors (2048K)
 Metaspace       used 31539K, capacity 32286K, committed 32512K, reserved 282624K
  class space    used 4240K, capacity 4485K, committed 4608K, reserved 253952K
}
Event: 19.029 GC heap after
{Heap after GC invocations=5 (full 0):
 garbage-first heap   total 262144K, used 20793K [0x00000000e0000000, 0x0000000100000000)
  region size 1024K, 5 young (5120K), 5 survivors (5120K)
 Metaspace       used 31539K, capacity 32286K, committed 32512K, reserved 282624K
  class space    used 4240K, capacity 4485K, committed 4608K, reserved 253952K
}
Event: 20.164 GC heap before
{Heap before GC invocations=5 (full 0):
 garbage-first heap   total 262144K, used 30009K [0x00000000e0000000, 0x0000000100000000)
  region size 1024K, 15 young (15360K), 5 survivors (5120K)
 Metaspace       used 35042K, capacity 35787K, committed 35840K, reserved 286720K
  class space    used 4562K, capacity 4843K, committed 4864K, reserved 253952K
}
Event: 20.178 GC heap after
{Heap after GC invocations=6 (full 0):
 garbage-first heap   total 262144K, used 22403K [0x00000000e0000000, 0x0000000100000000)
  region size 1024K, 6 young (6144K), 6 survivors (6144K)
 Metaspace       used 35042K, capacity 35787K, committed 35840K, reserved 286720K
  class space    used 4562K, capacity 4843K, committed 4864K, reserved 253952K
}

