# JRE version: OpenJDK Runtime Environment Temurin-11.0.12+7 (11.0.12+7) (build 11.0.12+7)
# Java VM: OpenJDK 64-Bit Server VM Temurin-11.0.12+7 (11.0.12+7, mixed mode, tiered, compressed oops, g1 gc, windows-amd64)
Heap:
 garbage-first heap   total 262144K, used 169685K [0x00000000e0000000, 0x0000000100000000)
  region size 1024K, 140 young (143360K), 20 survivors (20480K)
 Metaspace       used 67334K, capacity 69755K, committed 70008K, reserved 315392K
  class space    used 8809K, capacity 9711K, committed 9848K, reserved 253952K
GC Heap History (20 events):
Event: 3.396 GC heap before
{Heap before GC invocations=1 (full 0):
 garbage-first heap   total 262144K, used 17530K [0x00000000e0000000, 0x0000000100000000)
  region size 1024K, 14 young (14336K), 2 survivors (2048K)
 Metaspace       used 10039K, capacity 10336K, committed 10624K, reserved 264192K
  class space    used 1036K, capacity 1105K, committed 1152K, reserved 253952K
}
Event: 3.402 GC heap after
{Heap after GC invocations=2 (full 0):
 garbage-first heap   total 262144K, used 9379K [0x00000000e0000000, 0x0000000100000000)
  region size 1024K, 2 young (2048K), 2 survivors (2048K)
 Metaspace       used 10039K, capacity 10336K, committed 10624K, reserved 264192K
  class space    used 1036K, capacity 1105K, committed 1152K, reserved 253952K
}
Event: 5.095 GC heap before
{Heap before GC invocations=2 (full 0):
 garbage-first heap   total 262144K, used 29859K [0x00000000e0000000, 0x0000000100000000)
  region size 1024K, 22 young (22528K), 2 survivors (2048K)
 Metaspace       used 11139K, capacity 11451K, committed 11520K, reserved 264192K
  class space    used 1164K, capacity 1242K, committed 1280K, reserved 253952K
}
Event: 5.099 GC heap after
{Heap after GC invocations=3 (full 0):
 garbage-first heap   total 262144K, used 10035K [0x00000000e0000000, 0x0000000100000000)
  region size 1024K, 1 young (1024K), 1 survivors (1024K)
 Metaspace       used 11139K, capacity 11451K, committed 11520K, reserved 264192K
  class space    used 1164K, capacity 1242K, committed 1280K, reserved 253952K
}
Event: 6.612 GC heap before
{Heap before GC invocations=3 (full 0):
 garbage-first heap   total 262144K, used 37683K [0x00000000e0000000, 0x0000000100000000)
  region size 1024K, 28 young (28672K), 1 survivors (1024K)
 Metaspace       used 11262K, capacity 11515K, committed 11776K, reserved 266240K
  class space    used 1168K, capacity 1242K, committed 1280K, reserved 253952K
}
Event: 6.619 GC heap after
{Heap after GC invocations=4 (full 0):
 garbage-first heap   total 262144K, used 14198K [0x00000000e0000000, 0x0000000100000000)
  region size 1024K, 4 young (4096K), 4 survivors (4096K)
 Metaspace       used 11262K, capacity 11515K, committed 11776K, reserved 266240K
  class space    used 1168K, capacity 1242K, committed 1280K, reserved 253952K
}
Event: 10.807 GC heap before
{Heap before GC invocations=4 (full 0):
 garbage-first heap   total 262144K, used 52086K [0x00000000e0000000, 0x0000000100000000)
  region size 1024K, 41 young (41984K), 4 survivors (4096K)
 Metaspace       used 17567K, capacity 17999K, committed 18176K, reserved 270336K
  class space    used 2068K, capacity 2217K, committed 2304K, reserved 253952K
}
Event: 10.818 GC heap after
{Heap after GC invocations=5 (full 0):
 garbage-first heap   total 262144K, used 16657K [0x00000000e0000000, 0x0000000100000000)
  region size 1024K, 3 young (3072K), 3 survivors (3072K)
 Metaspace       used 17567K, capacity 17999K, committed 18176K, reserved 270336K
  class space    used 2068K, capacity 2217K, committed 2304K, reserved 253952K
}
Event: 12.429 GC heap before
{Heap before GC invocations=5 (full 0):
 garbage-first heap   total 262144K, used 43281K [0x00000000e0000000, 0x0000000100000000)
  region size 1024K, 30 young (30720K), 3 survivors (3072K)
 Metaspace       used 20551K, capacity 21097K, committed 21248K, reserved 272384K
  class space    used 2506K, capacity 2700K, committed 2816K, reserved 253952K
}
Event: 12.438 GC heap after
{Heap after GC invocations=6 (full 0):
 garbage-first heap   total 262144K, used 17538K [0x00000000e0000000, 0x0000000100000000)
  region size 1024K, 4 young (4096K), 4 survivors (4096K)
 Metaspace       used 20551K, capacity 21097K, committed 21248K, reserved 272384K
  class space    used 2506K, capacity 2700K, committed 2816K, reserved 253952K
}
Event: 15.808 GC heap before
{Heap before GC invocations=7 (full 0):
 garbage-first heap   total 262144K, used 68738K [0x00000000e0000000, 0x0000000100000000)
  region size 1024K, 54 young (55296K), 4 survivors (4096K)
 Metaspace       used 25298K, capacity 25953K, committed 26112K, reserved 276480K
  class space    used 3277K, capacity 3470K, committed 3584K, reserved 253952K
}
Event: 15.821 GC heap after
{Heap after GC invocations=8 (full 0):
 garbage-first heap   total 262144K, used 19175K [0x00000000e0000000, 0x0000000100000000)
  region size 1024K, 5 young (5120K), 5 survivors (5120K)
 Metaspace       used 25298K, capacity 25953K, committed 26112K, reserved 276480K
  class space    used 3277K, capacity 3470K, committed 3584K, reserved 253952K
}
Event: 19.826 GC heap before
{Heap before GC invocations=8 (full 0):
 garbage-first heap   total 262144K, used 85735K [0x00000000e0000000, 0x0000000100000000)
  region size 1024K, 71 young (72704K), 5 survivors (5120K)
 Metaspace       used 34974K, capacity 35736K, committed 35840K, reserved 286720K
  class space    used 4559K, capacity 4842K, committed 4864K, reserved 253952K
}
Event: 19.847 GC heap after
{Heap after GC invocations=9 (full 0):
 garbage-first heap   total 262144K, used 23128K [0x00000000e0000000, 0x0000000100000000)
  region size 1024K, 9 young (9216K), 9 survivors (9216K)
 Metaspace       used 34974K, capacity 35736K, committed 35840K, reserved 286720K
  class space    used 4559K, capacity 4842K, committed 4864K, reserved 253952K
}
Event: 24.935 GC heap before
{Heap before GC invocations=10 (full 0):
 garbage-first heap   total 262144K, used 117336K [0x00000000e0000000, 0x0000000100000000)
  region size 1024K, 98 young (100352K), 9 survivors (9216K)
 Metaspace       used 43155K, capacity 44094K, committed 44288K, reserved 292864K
  class space    used 5466K, capacity 5844K, committed 5888K, reserved 253952K
}
Event: 24.964 GC heap after
{Heap after GC invocations=11 (full 0):
 garbage-first heap   total 262144K, used 29127K [0x00000000e0000000, 0x0000000100000000)
  region size 1024K, 13 young (13312K), 13 survivors (13312K)
 Metaspace       used 43155K, capacity 44094K, committed 44288K, reserved 292864K
  class space    used 5466K, capacity 5844K, committed 5888K, reserved 253952K
}
Event: 31.372 GC heap before
{Heap before GC invocations=11 (full 0):
 garbage-first heap   total 262144K, used 160199K [0x00000000e0000000, 0x0000000100000000)
  region size 1024K, 141 young (144384K), 13 survivors (13312K)
 Metaspace       used 52020K, capacity 53590K, committed 53760K, reserved 301056K
  class space    used 6816K, capacity 7384K, committed 7424K, reserved 253952K
}
Event: 31.438 GC heap after
{Heap after GC invocations=12 (full 0):
 garbage-first heap   total 262144K, used 36288K [0x00000000e0000000, 0x0000000100000000)
  region size 1024K, 14 young (14336K), 14 survivors (14336K)
 Metaspace       used 52020K, capacity 53590K, committed 53760K, reserved 301056K
  class space    used 6816K, capacity 7384K, committed 7424K, reserved 253952K
}
Event: 39.543 GC heap before
{Heap before GC invocations=12 (full 0):
 garbage-first heap   total 262144K, used 157120K [0x00000000e0000000, 0x0000000100000000)
  region size 1024K, 134 young (137216K), 14 survivors (14336K)
 Metaspace       used 57854K, capacity 59853K, committed 59904K, reserved 307200K
  class space    used 7648K, capacity 8429K, committed 8448K, reserved 253952K
}
Event: 39.615 GC heap after
{Heap after GC invocations=13 (full 0):
 garbage-first heap   total 262144K, used 48853K [0x00000000e0000000, 0x0000000100000000)
  region size 1024K, 20 young (20480K), 20 survivors (20480K)
 Metaspace       used 57854K, capacity 59853K, committed 59904K, reserved 307200K
  class space    used 7648K, capacity 8429K, committed 8448K, reserved 253952K
}

