# JRE version: OpenJDK Runtime Environment Temurin-11.0.12+7 (11.0.12+7) (build 11.0.12+7)
# Java VM: OpenJDK 64-Bit Server VM Temurin-11.0.12+7 (11.0.12+7, mixed mode, tiered, compressed oops, g1 gc, windows-amd64)
Heap:
 garbage-first heap   total 262144K, used 50530K [0x00000000e0000000, 0x0000000100000000)
  region size 1024K, 29 young (29696K), 19 survivors (19456K)
 Metaspace       used 56384K, capacity 58346K, committed 58368K, reserved 305152K
  class space    used 7449K, capacity 8178K, committed 8192K, reserved 253952K
GC Heap History (20 events):
Event: 5.624 GC heap before
{Heap before GC invocations=2 (full 0):
 garbage-first heap   total 262144K, used 27764K [0x00000000e0000000, 0x0000000100000000)
  region size 1024K, 20 young (20480K), 2 survivors (2048K)
 Metaspace       used 11138K, capacity 11451K, committed 11520K, reserved 264192K
  class space    used 1164K, capacity 1242K, committed 1280K, reserved 253952K
}
Event: 5.628 GC heap after
{Heap after GC invocations=3 (full 0):
 garbage-first heap   total 262144K, used 9893K [0x00000000e0000000, 0x0000000100000000)
  region size 1024K, 1 young (1024K), 1 survivors (1024K)
 Metaspace       used 11138K, capacity 11451K, committed 11520K, reserved 264192K
  class space    used 1164K, capacity 1242K, committed 1280K, reserved 253952K
}
Event: 6.766 GC heap before
{Heap before GC invocations=3 (full 0):
 garbage-first heap   total 262144K, used 35493K [0x00000000e0000000, 0x0000000100000000)
  region size 1024K, 26 young (26624K), 1 survivors (1024K)
 Metaspace       used 11251K, capacity 11515K, committed 11776K, reserved 266240K
  class space    used 1165K, capacity 1242K, committed 1280K, reserved 253952K
}
Event: 6.770 GC heap after
{Heap after GC invocations=4 (full 0):
 garbage-first heap   total 262144K, used 13130K [0x00000000e0000000, 0x0000000100000000)
  region size 1024K, 4 young (4096K), 4 survivors (4096K)
 Metaspace       used 11251K, capacity 11515K, committed 11776K, reserved 266240K
  class space    used 1165K, capacity 1242K, committed 1280K, reserved 253952K
}
Event: 10.240 GC heap before
{Heap before GC invocations=4 (full 0):
 garbage-first heap   total 262144K, used 48970K [0x00000000e0000000, 0x0000000100000000)
  region size 1024K, 39 young (39936K), 4 survivors (4096K)
 Metaspace       used 17148K, capacity 17550K, committed 17792K, reserved 270336K
  class space    used 1989K, capacity 2108K, committed 2176K, reserved 253952K
}
Event: 10.250 GC heap after
{Heap after GC invocations=5 (full 0):
 garbage-first heap   total 262144K, used 15963K [0x00000000e0000000, 0x0000000100000000)
  region size 1024K, 3 young (3072K), 3 survivors (3072K)
 Metaspace       used 17148K, capacity 17550K, committed 17792K, reserved 270336K
  class space    used 1989K, capacity 2108K, committed 2176K, reserved 253952K
}
Event: 11.786 GC heap before
{Heap before GC invocations=5 (full 0):
 garbage-first heap   total 262144K, used 48731K [0x00000000e0000000, 0x0000000100000000)
  region size 1024K, 36 young (36864K), 3 survivors (3072K)
 Metaspace       used 20548K, capacity 21097K, committed 21248K, reserved 272384K
  class space    used 2510K, capacity 2700K, committed 2816K, reserved 253952K
}
Event: 11.796 GC heap after
{Heap after GC invocations=6 (full 0):
 garbage-first heap   total 262144K, used 17125K [0x00000000e0000000, 0x0000000100000000)
  region size 1024K, 4 young (4096K), 4 survivors (4096K)
 Metaspace       used 20548K, capacity 21097K, committed 21248K, reserved 272384K
  class space    used 2510K, capacity 2700K, committed 2816K, reserved 253952K
}
Event: 14.493 GC heap before
{Heap before GC invocations=7 (full 0):
 garbage-first heap   total 262144K, used 64229K [0x00000000e0000000, 0x0000000100000000)
  region size 1024K, 51 young (52224K), 4 survivors (4096K)
 Metaspace       used 24970K, capacity 25579K, committed 25728K, reserved 276480K
  class space    used 3224K, capacity 3430K, committed 3456K, reserved 253952K
}
Event: 14.506 GC heap after
{Heap after GC invocations=8 (full 0):
 garbage-first heap   total 262144K, used 18831K [0x00000000e0000000, 0x0000000100000000)
  region size 1024K, 3 young (3072K), 3 survivors (3072K)
 Metaspace       used 24970K, capacity 25579K, committed 25728K, reserved 276480K
  class space    used 3224K, capacity 3430K, committed 3456K, reserved 253952K
}
Event: 18.036 GC heap before
{Heap before GC invocations=8 (full 0):
 garbage-first heap   total 262144K, used 85391K [0x00000000e0000000, 0x0000000100000000)
  region size 1024K, 69 young (70656K), 3 survivors (3072K)
 Metaspace       used 33091K, capacity 33887K, committed 34048K, reserved 284672K
  class space    used 4336K, capacity 4608K, committed 4608K, reserved 253952K
}
Event: 18.050 GC heap after
{Heap after GC invocations=9 (full 0):
 garbage-first heap   total 262144K, used 21935K [0x00000000e0000000, 0x0000000100000000)
  region size 1024K, 6 young (6144K), 6 survivors (6144K)
 Metaspace       used 33091K, capacity 33887K, committed 34048K, reserved 284672K
  class space    used 4336K, capacity 4608K, committed 4608K, reserved 253952K
}
Event: 18.339 GC heap before
{Heap before GC invocations=9 (full 0):
 garbage-first heap   total 262144K, used 25007K [0x00000000e0000000, 0x0000000100000000)
  region size 1024K, 10 young (10240K), 6 survivors (6144K)
 Metaspace       used 34970K, capacity 35799K, committed 35840K, reserved 286720K
  class space    used 4554K, capacity 4842K, committed 4864K, reserved 253952K
}
Event: 18.357 GC heap after
{Heap after GC invocations=10 (full 0):
 garbage-first heap   total 262144K, used 22441K [0x00000000e0000000, 0x0000000100000000)
  region size 1024K, 7 young (7168K), 7 survivors (7168K)
 Metaspace       used 34970K, capacity 35799K, committed 35840K, reserved 286720K
  class space    used 4554K, capacity 4842K, committed 4864K, reserved 253952K
}
Event: 22.633 GC heap before
{Heap before GC invocations=11 (full 0):
 garbage-first heap   total 262144K, used 100265K [0x00000000e0000000, 0x0000000100000000)
  region size 1024K, 81 young (82944K), 7 survivors (7168K)
 Metaspace       used 41374K, capacity 42290K, committed 42368K, reserved 290816K
  class space    used 5329K, capacity 5693K, committed 5760K, reserved 253952K
}
Event: 22.658 GC heap after
{Heap after GC invocations=12 (full 0):
 garbage-first heap   total 262144K, used 28562K [0x00000000e0000000, 0x0000000100000000)
  region size 1024K, 11 young (11264K), 11 survivors (11264K)
 Metaspace       used 41374K, capacity 42290K, committed 42368K, reserved 290816K
  class space    used 5329K, capacity 5693K, committed 5760K, reserved 253952K
}
Event: 27.672 GC heap before
{Heap before GC invocations=12 (full 0):
 garbage-first heap   total 262144K, used 126866K [0x00000000e0000000, 0x0000000100000000)
  region size 1024K, 107 young (109568K), 11 survivors (11264K)
 Metaspace       used 50164K, capacity 51358K, committed 51584K, reserved 299008K
  class space    used 6526K, capacity 7008K, committed 7040K, reserved 253952K
}
Event: 27.703 GC heap after
{Heap after GC invocations=13 (full 0):
 garbage-first heap   total 262144K, used 32639K [0x00000000e0000000, 0x0000000100000000)
  region size 1024K, 11 young (11264K), 11 survivors (11264K)
 Metaspace       used 50164K, capacity 51358K, committed 51584K, reserved 299008K
  class space    used 6526K, capacity 7008K, committed 7040K, reserved 253952K
}
Event: 41.076 GC heap before
{Heap before GC invocations=13 (full 0):
 garbage-first heap   total 262144K, used 169855K [0x00000000e0000000, 0x0000000100000000)
  region size 1024K, 145 young (148480K), 11 survivors (11264K)
 Metaspace       used 56254K, capacity 58247K, committed 58368K, reserved 305152K
  class space    used 7431K, capacity 8170K, committed 8192K, reserved 253952K
}
Event: 41.124 GC heap after
{Heap after GC invocations=14 (full 0):
 garbage-first heap   total 262144K, used 41314K [0x00000000e0000000, 0x0000000100000000)
  region size 1024K, 19 young (19456K), 19 survivors (19456K)
 Metaspace       used 56254K, capacity 58247K, committed 58368K, reserved 305152K
  class space    used 7431K, capacity 8170K, committed 8192K, reserved 253952K
}

