# JRE version: OpenJDK Runtime Environment Temurin-11.0.12+7 (11.0.12+7) (build 11.0.12+7)
# Java VM: OpenJDK 64-Bit Server VM Temurin-11.0.12+7 (11.0.12+7, mixed mode, tiered, compressed oops, g1 gc, windows-amd64)
Heap:
 garbage-first heap   total 63488K, used 36386K [0x00000000e0000000, 0x0000000100000000)
  region size 1024K, 8 young (8192K), 3 survivors (3072K)
 Metaspace       used 33641K, capacity 34732K, committed 34992K, reserved 1079296K
  class space    used 4104K, capacity 4532K, committed 4608K, reserved 1048576K
GC Heap History (16 events):
Event: 2.797 GC heap before
{Heap before GC invocations=0 (full 0):
 garbage-first heap   total 63488K, used 13312K [0x00000000e0000000, 0x0000000100000000)
  region size 1024K, 14 young (14336K), 0 survivors (0K)
 Metaspace       used 8911K, capacity 9069K, committed 9216K, reserved 1056768K
  class space    used 880K, capacity 964K, committed 1024K, reserved 1048576K
}
Event: 2.818 GC heap after
{Heap after GC invocations=1 (full 0):
 garbage-first heap   total 63488K, used 5958K [0x00000000e0000000, 0x0000000100000000)
  region size 1024K, 2 young (2048K), 2 survivors (2048K)
 Metaspace       used 8911K, capacity 9069K, committed 9216K, reserved 1056768K
  class space    used 880K, capacity 964K, committed 1024K, reserved 1048576K
}
Event: 4.560 GC heap before
{Heap before GC invocations=1 (full 0):
 garbage-first heap   total 63488K, used 13126K [0x00000000e0000000, 0x0000000100000000)
  region size 1024K, 9 young (9216K), 2 survivors (2048K)
 Metaspace       used 12619K, capacity 12923K, committed 13056K, reserved 1060864K
  class space    used 1319K, capacity 1412K, committed 1536K, reserved 1048576K
}
Event: 4.641 GC heap after
{Heap after GC invocations=2 (full 0):
 garbage-first heap   total 63488K, used 6895K [0x00000000e0000000, 0x0000000100000000)
  region size 1024K, 2 young (2048K), 2 survivors (2048K)
 Metaspace       used 12619K, capacity 12923K, committed 13056K, reserved 1060864K
  class space    used 1319K, capacity 1412K, committed 1536K, reserved 1048576K
}
Event: 7.401 GC heap before
{Heap before GC invocations=2 (full 0):
 garbage-first heap   total 63488K, used 28399K [0x00000000e0000000, 0x0000000100000000)
  region size 1024K, 23 young (23552K), 2 survivors (2048K)
 Metaspace       used 17023K, capacity 17747K, committed 17920K, reserved 1064960K
  class space    used 1945K, capacity 2206K, committed 2304K, reserved 1048576K
}
Event: 7.408 GC heap after
{Heap after GC invocations=3 (full 0):
 garbage-first heap   total 63488K, used 8041K [0x00000000e0000000, 0x0000000100000000)
  region size 1024K, 3 young (3072K), 3 survivors (3072K)
 Metaspace       used 17023K, capacity 17747K, committed 17920K, reserved 1064960K
  class space    used 1945K, capacity 2206K, committed 2304K, reserved 1048576K
}
Event: 8.991 GC heap before
{Heap before GC invocations=3 (full 0):
 garbage-first heap   total 63488K, used 28521K [0x00000000e0000000, 0x0000000100000000)
  region size 1024K, 25 young (25600K), 3 survivors (3072K)
 Metaspace       used 20448K, capacity 21174K, committed 21296K, reserved 1069056K
  class space    used 2330K, capacity 2623K, committed 2688K, reserved 1048576K
}
Event: 9.008 GC heap after
{Heap after GC invocations=4 (full 0):
 garbage-first heap   total 63488K, used 10933K [0x00000000e0000000, 0x0000000100000000)
  region size 1024K, 4 young (4096K), 4 survivors (4096K)
 Metaspace       used 20448K, capacity 21174K, committed 21296K, reserved 1069056K
  class space    used 2330K, capacity 2623K, committed 2688K, reserved 1048576K
}
Event: 13.207 GC heap before
{Heap before GC invocations=5 (full 0):
 garbage-first heap   total 63488K, used 38581K [0x00000000e0000000, 0x0000000100000000)
  region size 1024K, 31 young (31744K), 4 survivors (4096K)
 Metaspace       used 24889K, capacity 25682K, committed 26032K, reserved 1073152K
  class space    used 2915K, capacity 3233K, committed 3328K, reserved 1048576K
}
Event: 13.217 GC heap after
{Heap after GC invocations=6 (full 0):
 garbage-first heap   total 63488K, used 12735K [0x00000000e0000000, 0x0000000100000000)
  region size 1024K, 2 young (2048K), 2 survivors (2048K)
 Metaspace       used 24889K, capacity 25682K, committed 26032K, reserved 1073152K
  class space    used 2915K, capacity 3233K, committed 3328K, reserved 1048576K
}
Event: 14.524 GC heap before
{Heap before GC invocations=6 (full 0):
 garbage-first heap   total 63488K, used 40383K [0x00000000e0000000, 0x0000000100000000)
  region size 1024K, 29 young (29696K), 2 survivors (2048K)
 Metaspace       used 28438K, capacity 29254K, committed 29488K, reserved 1075200K
  class space    used 3344K, capacity 3635K, committed 3712K, reserved 1048576K
}
Event: 14.529 GC heap after
{Heap after GC invocations=7 (full 0):
 garbage-first heap   total 63488K, used 13762K [0x00000000e0000000, 0x0000000100000000)
  region size 1024K, 3 young (3072K), 3 survivors (3072K)
 Metaspace       used 28438K, capacity 29254K, committed 29488K, reserved 1075200K
  class space    used 3344K, capacity 3635K, committed 3712K, reserved 1048576K
}
Event: 17.320 GC heap before
{Heap before GC invocations=7 (full 0):
 garbage-first heap   total 63488K, used 40386K [0x00000000e0000000, 0x0000000100000000)
  region size 1024K, 30 young (30720K), 3 survivors (3072K)
 Metaspace       used 32155K, capacity 33243K, committed 33456K, reserved 1079296K
  class space    used 3863K, capacity 4270K, committed 4352K, reserved 1048576K
}
Event: 17.327 GC heap after
{Heap after GC invocations=8 (full 0):
 garbage-first heap   total 63488K, used 14496K [0x00000000e0000000, 0x0000000100000000)
  region size 1024K, 2 young (2048K), 2 survivors (2048K)
 Metaspace       used 32155K, capacity 33243K, committed 33456K, reserved 1079296K
  class space    used 3863K, capacity 4270K, committed 4352K, reserved 1048576K
}
Event: 17.691 GC heap before
{Heap before GC invocations=8 (full 0):
 garbage-first heap   total 63488K, used 21664K [0x00000000e0000000, 0x0000000100000000)
  region size 1024K, 10 young (10240K), 2 survivors (2048K)
 Metaspace       used 33108K, capacity 34174K, committed 34352K, reserved 1079296K
  class space    used 4011K, capacity 4431K, committed 4480K, reserved 1048576K
}
Event: 17.697 GC heap after
{Heap after GC invocations=9 (full 0):
 garbage-first heap   total 63488K, used 14882K [0x00000000e0000000, 0x0000000100000000)
  region size 1024K, 3 young (3072K), 3 survivors (3072K)
 Metaspace       used 33108K, capacity 34174K, committed 34352K, reserved 1079296K
  class space    used 4011K, capacity 4431K, committed 4480K, reserved 1048576K
}

