# JRE version: OpenJDK Runtime Environment Temurin-11.0.12+7 (11.0.12+7) (build 11.0.12+7)
# Java VM: OpenJDK 64-Bit Server VM Temurin-11.0.12+7 (11.0.12+7, mixed mode, tiered, compressed oops, g1 gc, windows-amd64)
Heap:
 garbage-first heap   total 63488K, used 10596K [0x00000000e0000000, 0x0000000100000000)
  region size 1024K, 6 young (6144K), 2 survivors (2048K)
 Metaspace       used 16582K, capacity 17260K, committed 17536K, reserved 1064960K
  class space    used 1908K, capacity 2152K, committed 2176K, reserved 1048576K
GC Heap History (6 events):
Event: 2.662 GC heap before
{Heap before GC invocations=0 (full 0):
 garbage-first heap   total 63488K, used 13312K [0x00000000e0000000, 0x0000000100000000)
  region size 1024K, 14 young (14336K), 0 survivors (0K)
 Metaspace       used 8900K, capacity 9065K, committed 9216K, reserved 1056768K
  class space    used 880K, capacity 964K, committed 1024K, reserved 1048576K
}
Event: 2.674 GC heap after
{Heap after GC invocations=1 (full 0):
 garbage-first heap   total 63488K, used 5580K [0x00000000e0000000, 0x0000000100000000)
  region size 1024K, 2 young (2048K), 2 survivors (2048K)
 Metaspace       used 8900K, capacity 9065K, committed 9216K, reserved 1056768K
  class space    used 880K, capacity 964K, committed 1024K, reserved 1048576K
}
Event: 3.322 GC heap before
{Heap before GC invocations=1 (full 0):
 garbage-first heap   total 63488K, used 10700K [0x00000000e0000000, 0x0000000100000000)
  region size 1024K, 7 young (7168K), 2 survivors (2048K)
 Metaspace       used 11774K, capacity 12032K, committed 12160K, reserved 1060864K
  class space    used 1218K, capacity 1307K, committed 1408K, reserved 1048576K
}
Event: 3.360 GC heap after
{Heap after GC invocations=2 (full 0):
 garbage-first heap   total 63488K, used 6609K [0x00000000e0000000, 0x0000000100000000)
  region size 1024K, 1 young (1024K), 1 survivors (1024K)
 Metaspace       used 11774K, capacity 12032K, committed 12160K, reserved 1060864K
  class space    used 1218K, capacity 1307K, committed 1408K, reserved 1048576K
}
Event: 6.159 GC heap before
{Heap before GC invocations=2 (full 0):
 garbage-first heap   total 63488K, used 25041K [0x00000000e0000000, 0x0000000100000000)
  region size 1024K, 19 young (19456K), 1 survivors (1024K)
 Metaspace       used 15727K, capacity 16401K, committed 16640K, reserved 1064960K
  class space    used 1791K, capacity 2034K, committed 2048K, reserved 1048576K
}
Event: 6.165 GC heap after
{Heap after GC invocations=3 (full 0):
 garbage-first heap   total 63488K, used 7524K [0x00000000e0000000, 0x0000000100000000)
  region size 1024K, 2 young (2048K), 2 survivors (2048K)
 Metaspace       used 15727K, capacity 16401K, committed 16640K, reserved 1064960K
  class space    used 1791K, capacity 2034K, committed 2048K, reserved 1048576K
}

